<?xml version="1.0" encoding="UTF-8"?>
<!-- Generated by org.testng.reporters.JUnitReportReporter -->
<testsuite skipped="0" hostname="DESKTOP-1EKQBD8" name="com.mysite.regression.AdminManageBrands" tests="1" failures="0" timestamp="30 Jul 2020 05:24:58 GMT" time="16.772" errors="0">
  <testcase name="ManageBrandsScript" time="16.772" classname="com.mysite.regression.AdminManageBrands"/>
</testsuite> <!-- com.mysite.regression.AdminManageBrands -->
