<?xml version="1.0" encoding="UTF-8"?>
<!-- Generated by org.testng.reporters.JUnitReportReporter -->
<testsuite skipped="0" hostname="DESKTOP-1EKQBD8" name="com.mysite.regression.FullTest4" tests="3" failures="0" timestamp="03 Aug 2020 05:32:38 GMT" time="0.024" errors="0">
  <testcase name="Test1" time="0.002" classname="com.mysite.regression.FullTest4"/>
  <testcase name="Test1" time="0.003" classname="com.mysite.regression.FullTest4"/>
  <testcase name="Test1" time="0.019" classname="com.mysite.regression.FullTest4"/>
</testsuite> <!-- com.mysite.regression.FullTest4 -->
