<?xml version="1.0" encoding="UTF-8"?>
<!-- Generated by org.testng.reporters.JUnitReportReporter -->
<testsuite skipped="0" hostname="DESKTOP-1EKQBD8" name="com.mysite.regression.FullTest2" tests="8" failures="0" timestamp="03 Aug 2020 05:00:40 GMT" time="0.040" errors="0">
  <testcase name="Test1" time="0.018" classname="com.mysite.regression.FullTest2"/>
  <testcase name="Test2" time="0.003" classname="com.mysite.regression.FullTest2"/>
  <testcase name="Test3" time="0.004" classname="com.mysite.regression.FullTest2"/>
  <testcase name="Test4" time="0.003" classname="com.mysite.regression.FullTest2"/>
  <testcase name="Test5" time="0.004" classname="com.mysite.regression.FullTest2"/>
  <testcase name="Test6" time="0.004" classname="com.mysite.regression.FullTest2"/>
  <testcase name="Test7" time="0.002" classname="com.mysite.regression.FullTest2"/>
  <testcase name="Test8" time="0.002" classname="com.mysite.regression.FullTest2"/>
</testsuite> <!-- com.mysite.regression.FullTest2 -->
