<?xml version="1.0" encoding="UTF-8"?>
<!-- Generated by org.testng.reporters.JUnitReportReporter -->
<testsuite skipped="0" hostname="DESKTOP-1EKQBD8" name="com.mysite.sit.SITTestCases" tests="4" failures="0" timestamp="30 Jul 2020 05:24:58 GMT" time="0.009" errors="0">
  <testcase name="SitTest4" time="0.003" classname="com.mysite.sit.SITTestCases"/>
  <testcase name="SitTest2" time="0.003" classname="com.mysite.sit.SITTestCases"/>
  <testcase name="SitTest3" time="0.002" classname="com.mysite.sit.SITTestCases"/>
  <testcase name="SitTest1" time="0.001" classname="com.mysite.sit.SITTestCases"/>
</testsuite> <!-- com.mysite.sit.SITTestCases -->
