<?xml version="1.0" encoding="UTF-8"?>
<!-- Generated by org.testng.reporters.JUnitReportReporter -->
<testsuite skipped="0" hostname="DESKTOP-1EKQBD8" name="com.mysite.regression.FullTest3" tests="3" failures="0" timestamp="03 Aug 2020 05:20:01 GMT" time="45.411" errors="0">
  <testcase name="manageAdmingDashborad" time="13.458" classname="com.mysite.regression.FullTest3"/>
  <testcase name="ManageCreateBrands" time="15.305" classname="com.mysite.regression.FullTest3"/>
  <testcase name="ManageBrandsScript" time="16.648" classname="com.mysite.regression.FullTest3"/>
</testsuite> <!-- com.mysite.regression.FullTest3 -->
