<?xml version="1.0" encoding="UTF-8"?>
<!-- Generated by org.testng.reporters.JUnitReportReporter -->
<testsuite skipped="0" hostname="DESKTOP-1EKQBD8" name="com.mysite.uat.FullTest3" tests="1" failures="0" timestamp="05 Aug 2020 05:21:08 GMT" time="17.494" errors="0">
  <testcase name="ManageCreateBrands" time="17.494" classname="com.mysite.uat.FullTest3"/>
</testsuite> <!-- com.mysite.uat.FullTest3 -->
