<?xml version="1.0" encoding="UTF-8"?>
<!-- Generated by org.testng.reporters.JUnitReportReporter -->
<testsuite skipped="0" hostname="DESKTOP-1EKQBD8" name="com.mysite.regression.AdminCreateBrand" tests="1" failures="0" timestamp="30 Jul 2020 05:24:58 GMT" time="16.326" errors="0">
  <testcase name="ManageCreateBrands" time="16.326" classname="com.mysite.regression.AdminCreateBrand"/>
</testsuite> <!-- com.mysite.regression.AdminCreateBrand -->
