<?xml version="1.0" encoding="UTF-8"?>
<!-- Generated by org.testng.reporters.JUnitReportReporter -->
<testsuite skipped="0" hostname="DESKTOP-1EKQBD8" name="com.mysite.regression.FullTest5" tests="1" failures="0" timestamp="03 Aug 2020 05:53:14 GMT" time="0.022" errors="0">
  <testcase name="Test1" time="0.022" classname="com.mysite.regression.FullTest5"/>
</testsuite> <!-- com.mysite.regression.FullTest5 -->
