<?xml version="1.0" encoding="UTF-8"?>
<!-- Generated by org.testng.reporters.JUnitReportReporter -->
<testsuite skipped="0" hostname="DESKTOP-1EKQBD8" name="com.mysite.regression.AdminDashboard" tests="1" failures="0" timestamp="30 Jul 2020 05:24:58 GMT" time="12.521" errors="0">
  <testcase name="manageAdmingDashborad" time="12.521" classname="com.mysite.regression.AdminDashboard"/>
</testsuite> <!-- com.mysite.regression.AdminDashboard -->
