<?xml version="1.0" encoding="UTF-8"?>
<!-- Generated by org.testng.reporters.JUnitReportReporter -->
<testsuite skipped="0" hostname="DESKTOP-1EKQBD8" name="com.mysite.assertions.AdminDashboard" tests="1" failures="0" timestamp="04 Aug 2020 20:05:11 GMT" time="13.486" errors="0">
  <testcase name="manageAdmingDashborad" time="13.486" classname="com.mysite.assertions.AdminDashboard"/>
</testsuite> <!-- com.mysite.assertions.AdminDashboard -->
